<?xml version="1.0" encoding="UTF-8"?>
<testsuite xmlns:xsi="http://www.w3.org/2001/XMLSchema-instance" xsi:noNamespaceSchemaLocation="https://maven.apache.org/surefire/maven-surefire-plugin/xsd/surefire-test-report.xsd" name="com.andybrook.service.api.StockItemsFileParserServiceTest" time="0.358" tests="6" errors="0" skipped="0" failures="0">
  <properties>
    <property name="sun.desktop" value="windows"/>
    <property name="awt.toolkit" value="sun.awt.windows.WToolkit"/>
    <property name="java.specification.version" value="10"/>
    <property name="file.encoding.pkg" value="sun.io"/>
    <property name="sun.cpu.isalist" value="amd64"/>
    <property name="sun.jnu.encoding" value="Cp1252"/>
    <property name="java.class.path" value="C:\Users\Yoni Touitou\Documents\projects\Andybrook\target\test-classes;C:\Users\Yoni Touitou\Documents\projects\Andybrook\target\classes;C:\Users\Yoni Touitou\.m2\repository\org\springframework\boot\spring-boot-starter-data-jpa\2.1.6.RELEASE\spring-boot-starter-data-jpa-2.1.6.RELEASE.jar;C:\Users\Yoni Touitou\.m2\repository\org\springframework\boot\spring-boot-starter-aop\2.1.6.RELEASE\spring-boot-starter-aop-2.1.6.RELEASE.jar;C:\Users\Yoni Touitou\.m2\repository\org\aspectj\aspectjweaver\1.9.4\aspectjweaver-1.9.4.jar;C:\Users\Yoni Touitou\.m2\repository\org\springframework\boot\spring-boot-starter-jdbc\2.1.6.RELEASE\spring-boot-starter-jdbc-2.1.6.RELEASE.jar;C:\Users\Yoni Touitou\.m2\repository\com\zaxxer\HikariCP\3.2.0\HikariCP-3.2.0.jar;C:\Users\Yoni Touitou\.m2\repository\org\springframework\spring-jdbc\5.1.8.RELEASE\spring-jdbc-5.1.8.RELEASE.jar;C:\Users\Yoni Touitou\.m2\repository\javax\transaction\javax.transaction-api\1.3\javax.transaction-api-1.3.jar;C:\Users\Yoni Touitou\.m2\repository\javax\xml\bind\jaxb-api\2.3.1\jaxb-api-2.3.1.jar;C:\Users\Yoni Touitou\.m2\repository\javax\activation\javax.activation-api\1.2.0\javax.activation-api-1.2.0.jar;C:\Users\Yoni Touitou\.m2\repository\org\hibernate\hibernate-core\5.3.10.Final\hibernate-core-5.3.10.Final.jar;C:\Users\Yoni Touitou\.m2\repository\org\jboss\logging\jboss-logging\3.3.2.Final\jboss-logging-3.3.2.Final.jar;C:\Users\Yoni Touitou\.m2\repository\javax\persistence\javax.persistence-api\2.2\javax.persistence-api-2.2.jar;C:\Users\Yoni Touitou\.m2\repository\org\javassist\javassist\3.23.2-GA\javassist-3.23.2-GA.jar;C:\Users\Yoni Touitou\.m2\repository\net\bytebuddy\byte-buddy\1.9.13\byte-buddy-1.9.13.jar;C:\Users\Yoni Touitou\.m2\repository\antlr\antlr\2.7.7\antlr-2.7.7.jar;C:\Users\Yoni Touitou\.m2\repository\org\jboss\jandex\2.0.5.Final\jandex-2.0.5.Final.jar;C:\Users\Yoni Touitou\.m2\repository\com\fasterxml\classmate\1.4.0\classmate-1.4.0.jar;C:\Users\Yoni Touitou\.m2\repository\org\dom4j\dom4j\2.1.1\dom4j-2.1.1.jar;C:\Users\Yoni Touitou\.m2\repository\org\hibernate\common\hibernate-commons-annotations\5.0.4.Final\hibernate-commons-annotations-5.0.4.Final.jar;C:\Users\Yoni Touitou\.m2\repository\org\springframework\data\spring-data-jpa\2.1.9.RELEASE\spring-data-jpa-2.1.9.RELEASE.jar;C:\Users\Yoni Touitou\.m2\repository\org\springframework\data\spring-data-commons\2.1.9.RELEASE\spring-data-commons-2.1.9.RELEASE.jar;C:\Users\Yoni Touitou\.m2\repository\org\springframework\spring-orm\5.1.8.RELEASE\spring-orm-5.1.8.RELEASE.jar;C:\Users\Yoni Touitou\.m2\repository\org\springframework\spring-context\5.1.8.RELEASE\spring-context-5.1.8.RELEASE.jar;C:\Users\Yoni Touitou\.m2\repository\org\springframework\spring-tx\5.1.8.RELEASE\spring-tx-5.1.8.RELEASE.jar;C:\Users\Yoni Touitou\.m2\repository\org\springframework\spring-beans\5.1.8.RELEASE\spring-beans-5.1.8.RELEASE.jar;C:\Users\Yoni Touitou\.m2\repository\org\slf4j\slf4j-api\1.7.26\slf4j-api-1.7.26.jar;C:\Users\Yoni Touitou\.m2\repository\org\springframework\spring-aspects\5.1.8.RELEASE\spring-aspects-5.1.8.RELEASE.jar;C:\Users\Yoni Touitou\.m2\repository\org\springframework\boot\spring-boot-starter-security\2.1.6.RELEASE\spring-boot-starter-security-2.1.6.RELEASE.jar;C:\Users\Yoni Touitou\.m2\repository\org\springframework\boot\spring-boot-starter\2.1.6.RELEASE\spring-boot-starter-2.1.6.RELEASE.jar;C:\Users\Yoni Touitou\.m2\repository\org\springframework\boot\spring-boot-starter-logging\2.1.6.RELEASE\spring-boot-starter-logging-2.1.6.RELEASE.jar;C:\Users\Yoni Touitou\.m2\repository\ch\qos\logback\logback-classic\1.2.3\logback-classic-1.2.3.jar;C:\Users\Yoni Touitou\.m2\repository\ch\qos\logback\logback-core\1.2.3\logback-core-1.2.3.jar;C:\Users\Yoni Touitou\.m2\repository\org\apache\logging\log4j\log4j-to-slf4j\2.11.2\log4j-to-slf4j-2.11.2.jar;C:\Users\Yoni Touitou\.m2\repository\org\slf4j\jul-to-slf4j\1.7.26\jul-to-slf4j-1.7.26.jar;C:\Users\Yoni Touitou\.m2\repository\javax\annotation\javax.annotation-api\1.3.2\javax.annotation-api-1.3.2.jar;C:\Users\Yoni Touitou\.m2\repository\org\yaml\snakeyaml\1.23\snakeyaml-1.23.jar;C:\Users\Yoni Touitou\.m2\repository\org\springframework\spring-aop\5.1.8.RELEASE\spring-aop-5.1.8.RELEASE.jar;C:\Users\Yoni Touitou\.m2\repository\org\springframework\security\spring-security-config\5.1.5.RELEASE\spring-security-config-5.1.5.RELEASE.jar;C:\Users\Yoni Touitou\.m2\repository\org\springframework\security\spring-security-core\5.1.5.RELEASE\spring-security-core-5.1.5.RELEASE.jar;C:\Users\Yoni Touitou\.m2\repository\org\springframework\security\spring-security-web\5.1.5.RELEASE\spring-security-web-5.1.5.RELEASE.jar;C:\Users\Yoni Touitou\.m2\repository\org\springframework\spring-expression\5.1.8.RELEASE\spring-expression-5.1.8.RELEASE.jar;C:\Users\Yoni Touitou\.m2\repository\org\springframework\boot\spring-boot-starter-mail\2.1.6.RELEASE\spring-boot-starter-mail-2.1.6.RELEASE.jar;C:\Users\Yoni Touitou\.m2\repository\org\springframework\spring-context-support\5.1.8.RELEASE\spring-context-support-5.1.8.RELEASE.jar;C:\Users\Yoni Touitou\.m2\repository\com\sun\mail\javax.mail\1.6.2\javax.mail-1.6.2.jar;C:\Users\Yoni Touitou\.m2\repository\javax\activation\activation\1.1\activation-1.1.jar;C:\Users\Yoni Touitou\.m2\repository\org\springframework\boot\spring-boot-devtools\2.1.6.RELEASE\spring-boot-devtools-2.1.6.RELEASE.jar;C:\Users\Yoni Touitou\.m2\repository\org\springframework\boot\spring-boot\2.1.6.RELEASE\spring-boot-2.1.6.RELEASE.jar;C:\Users\Yoni Touitou\.m2\repository\org\springframework\boot\spring-boot-autoconfigure\2.1.6.RELEASE\spring-boot-autoconfigure-2.1.6.RELEASE.jar;C:\Users\Yoni Touitou\.m2\repository\org\springframework\boot\spring-boot-starter-web\2.1.6.RELEASE\spring-boot-starter-web-2.1.6.RELEASE.jar;C:\Users\Yoni Touitou\.m2\repository\org\springframework\boot\spring-boot-starter-json\2.1.6.RELEASE\spring-boot-starter-json-2.1.6.RELEASE.jar;C:\Users\Yoni Touitou\.m2\repository\com\fasterxml\jackson\core\jackson-databind\2.9.9\jackson-databind-2.9.9.jar;C:\Users\Yoni Touitou\.m2\repository\com\fasterxml\jackson\core\jackson-annotations\2.9.0\jackson-annotations-2.9.0.jar;C:\Users\Yoni Touitou\.m2\repository\com\fasterxml\jackson\datatype\jackson-datatype-jdk8\2.9.9\jackson-datatype-jdk8-2.9.9.jar;C:\Users\Yoni Touitou\.m2\repository\com\fasterxml\jackson\datatype\jackson-datatype-jsr310\2.9.9\jackson-datatype-jsr310-2.9.9.jar;C:\Users\Yoni Touitou\.m2\repository\com\fasterxml\jackson\module\jackson-module-parameter-names\2.9.9\jackson-module-parameter-names-2.9.9.jar;C:\Users\Yoni Touitou\.m2\repository\org\springframework\boot\spring-boot-starter-tomcat\2.1.6.RELEASE\spring-boot-starter-tomcat-2.1.6.RELEASE.jar;C:\Users\Yoni Touitou\.m2\repository\org\apache\tomcat\embed\tomcat-embed-core\9.0.21\tomcat-embed-core-9.0.21.jar;C:\Users\Yoni Touitou\.m2\repository\org\apache\tomcat\embed\tomcat-embed-el\9.0.21\tomcat-embed-el-9.0.21.jar;C:\Users\Yoni Touitou\.m2\repository\org\apache\tomcat\embed\tomcat-embed-websocket\9.0.21\tomcat-embed-websocket-9.0.21.jar;C:\Users\Yoni Touitou\.m2\repository\org\hibernate\validator\hibernate-validator\6.0.17.Final\hibernate-validator-6.0.17.Final.jar;C:\Users\Yoni Touitou\.m2\repository\javax\validation\validation-api\2.0.1.Final\validation-api-2.0.1.Final.jar;C:\Users\Yoni Touitou\.m2\repository\org\springframework\spring-web\5.1.8.RELEASE\spring-web-5.1.8.RELEASE.jar;C:\Users\Yoni Touitou\.m2\repository\org\springframework\spring-webmvc\5.1.8.RELEASE\spring-webmvc-5.1.8.RELEASE.jar;C:\Users\Yoni Touitou\.m2\repository\org\springframework\boot\spring-boot-starter-actuator\2.1.6.RELEASE\spring-boot-starter-actuator-2.1.6.RELEASE.jar;C:\Users\Yoni Touitou\.m2\repository\org\springframework\boot\spring-boot-actuator-autoconfigure\2.1.6.RELEASE\spring-boot-actuator-autoconfigure-2.1.6.RELEASE.jar;C:\Users\Yoni Touitou\.m2\repository\org\springframework\boot\spring-boot-actuator\2.1.6.RELEASE\spring-boot-actuator-2.1.6.RELEASE.jar;C:\Users\Yoni Touitou\.m2\repository\io\micrometer\micrometer-core\1.1.5\micrometer-core-1.1.5.jar;C:\Users\Yoni Touitou\.m2\repository\org\latencyutils\LatencyUtils\2.0.3\LatencyUtils-2.0.3.jar;C:\Users\Yoni Touitou\.m2\repository\org\elasticsearch\elasticsearch\7.2.0\elasticsearch-7.2.0.jar;C:\Users\Yoni Touitou\.m2\repository\org\elasticsearch\elasticsearch-core\7.2.0\elasticsearch-core-7.2.0.jar;C:\Users\Yoni Touitou\.m2\repository\org\elasticsearch\elasticsearch-secure-sm\7.2.0\elasticsearch-secure-sm-7.2.0.jar;C:\Users\Yoni Touitou\.m2\repository\org\elasticsearch\elasticsearch-x-content\7.2.0\elasticsearch-x-content-7.2.0.jar;C:\Users\Yoni Touitou\.m2\repository\com\fasterxml\jackson\core\jackson-core\2.9.9\jackson-core-2.9.9.jar;C:\Users\Yoni Touitou\.m2\repository\com\fasterxml\jackson\dataformat\jackson-dataformat-smile\2.9.9\jackson-dataformat-smile-2.9.9.jar;C:\Users\Yoni Touitou\.m2\repository\com\fasterxml\jackson\dataformat\jackson-dataformat-yaml\2.9.9\jackson-dataformat-yaml-2.9.9.jar;C:\Users\Yoni Touitou\.m2\repository\com\fasterxml\jackson\dataformat\jackson-dataformat-cbor\2.9.9\jackson-dataformat-cbor-2.9.9.jar;C:\Users\Yoni Touitou\.m2\repository\org\elasticsearch\elasticsearch-geo\7.2.0\elasticsearch-geo-7.2.0.jar;C:\Users\Yoni Touitou\.m2\repository\org\apache\lucene\lucene-core\8.0.0\lucene-core-8.0.0.jar;C:\Users\Yoni Touitou\.m2\repository\org\apache\lucene\lucene-analyzers-common\8.0.0\lucene-analyzers-common-8.0.0.jar;C:\Users\Yoni Touitou\.m2\repository\org\apache\lucene\lucene-backward-codecs\8.0.0\lucene-backward-codecs-8.0.0.jar;C:\Users\Yoni Touitou\.m2\repository\org\apache\lucene\lucene-grouping\8.0.0\lucene-grouping-8.0.0.jar;C:\Users\Yoni Touitou\.m2\repository\org\apache\lucene\lucene-highlighter\8.0.0\lucene-highlighter-8.0.0.jar;C:\Users\Yoni Touitou\.m2\repository\org\apache\lucene\lucene-join\8.0.0\lucene-join-8.0.0.jar;C:\Users\Yoni Touitou\.m2\repository\org\apache\lucene\lucene-memory\8.0.0\lucene-memory-8.0.0.jar;C:\Users\Yoni Touitou\.m2\repository\org\apache\lucene\lucene-misc\8.0.0\lucene-misc-8.0.0.jar;C:\Users\Yoni Touitou\.m2\repository\org\apache\lucene\lucene-queries\8.0.0\lucene-queries-8.0.0.jar;C:\Users\Yoni Touitou\.m2\repository\org\apache\lucene\lucene-queryparser\8.0.0\lucene-queryparser-8.0.0.jar;C:\Users\Yoni Touitou\.m2\repository\org\apache\lucene\lucene-sandbox\8.0.0\lucene-sandbox-8.0.0.jar;C:\Users\Yoni Touitou\.m2\repository\org\apache\lucene\lucene-spatial\8.0.0\lucene-spatial-8.0.0.jar;C:\Users\Yoni Touitou\.m2\repository\org\apache\lucene\lucene-spatial-extras\8.0.0\lucene-spatial-extras-8.0.0.jar;C:\Users\Yoni Touitou\.m2\repository\org\apache\lucene\lucene-spatial3d\8.0.0\lucene-spatial3d-8.0.0.jar;C:\Users\Yoni Touitou\.m2\repository\org\apache\lucene\lucene-suggest\8.0.0\lucene-suggest-8.0.0.jar;C:\Users\Yoni Touitou\.m2\repository\org\elasticsearch\elasticsearch-cli\7.2.0\elasticsearch-cli-7.2.0.jar;C:\Users\Yoni Touitou\.m2\repository\net\sf\jopt-simple\jopt-simple\5.0.2\jopt-simple-5.0.2.jar;C:\Users\Yoni Touitou\.m2\repository\com\carrotsearch\hppc\0.7.1\hppc-0.7.1.jar;C:\Users\Yoni Touitou\.m2\repository\joda-time\joda-time\2.10.2\joda-time-2.10.2.jar;C:\Users\Yoni Touitou\.m2\repository\com\tdunning\t-digest\3.2\t-digest-3.2.jar;C:\Users\Yoni Touitou\.m2\repository\org\hdrhistogram\HdrHistogram\2.1.9\HdrHistogram-2.1.9.jar;C:\Users\Yoni Touitou\.m2\repository\org\apache\logging\log4j\log4j-api\2.11.2\log4j-api-2.11.2.jar;C:\Users\Yoni Touitou\.m2\repository\org\elasticsearch\jna\4.5.1\jna-4.5.1.jar;C:\Users\Yoni Touitou\.m2\repository\org\elasticsearch\client\elasticsearch-rest-high-level-client\7.2.0\elasticsearch-rest-high-level-client-7.2.0.jar;C:\Users\Yoni Touitou\.m2\repository\org\elasticsearch\client\elasticsearch-rest-client\6.4.3\elasticsearch-rest-client-6.4.3.jar;C:\Users\Yoni Touitou\.m2\repository\org\apache\httpcomponents\httpclient\4.5.9\httpclient-4.5.9.jar;C:\Users\Yoni Touitou\.m2\repository\org\apache\httpcomponents\httpcore\4.4.11\httpcore-4.4.11.jar;C:\Users\Yoni Touitou\.m2\repository\org\apache\httpcomponents\httpasyncclient\4.1.4\httpasyncclient-4.1.4.jar;C:\Users\Yoni Touitou\.m2\repository\org\apache\httpcomponents\httpcore-nio\4.4.11\httpcore-nio-4.4.11.jar;C:\Users\Yoni Touitou\.m2\repository\commons-codec\commons-codec\1.11\commons-codec-1.11.jar;C:\Users\Yoni Touitou\.m2\repository\org\elasticsearch\plugin\parent-join-client\7.2.0\parent-join-client-7.2.0.jar;C:\Users\Yoni Touitou\.m2\repository\org\elasticsearch\plugin\aggs-matrix-stats-client\7.2.0\aggs-matrix-stats-client-7.2.0.jar;C:\Users\Yoni Touitou\.m2\repository\org\elasticsearch\plugin\rank-eval-client\7.2.0\rank-eval-client-7.2.0.jar;C:\Users\Yoni Touitou\.m2\repository\org\elasticsearch\plugin\lang-mustache-client\7.2.0\lang-mustache-client-7.2.0.jar;C:\Users\Yoni Touitou\.m2\repository\com\github\spullara\mustache\java\compiler\0.9.3\compiler-0.9.3.jar;C:\Users\Yoni Touitou\.m2\repository\org\springframework\boot\spring-boot-starter-test\2.1.6.RELEASE\spring-boot-starter-test-2.1.6.RELEASE.jar;C:\Users\Yoni Touitou\.m2\repository\org\springframework\boot\spring-boot-test\2.1.6.RELEASE\spring-boot-test-2.1.6.RELEASE.jar;C:\Users\Yoni Touitou\.m2\repository\org\springframework\boot\spring-boot-test-autoconfigure\2.1.6.RELEASE\spring-boot-test-autoconfigure-2.1.6.RELEASE.jar;C:\Users\Yoni Touitou\.m2\repository\com\jayway\jsonpath\json-path\2.4.0\json-path-2.4.0.jar;C:\Users\Yoni Touitou\.m2\repository\net\minidev\json-smart\2.3\json-smart-2.3.jar;C:\Users\Yoni Touitou\.m2\repository\net\minidev\accessors-smart\1.2\accessors-smart-1.2.jar;C:\Users\Yoni Touitou\.m2\repository\org\ow2\asm\asm\5.0.4\asm-5.0.4.jar;C:\Users\Yoni Touitou\.m2\repository\junit\junit\4.12\junit-4.12.jar;C:\Users\Yoni Touitou\.m2\repository\org\assertj\assertj-core\3.11.1\assertj-core-3.11.1.jar;C:\Users\Yoni Touitou\.m2\repository\org\mockito\mockito-core\2.23.4\mockito-core-2.23.4.jar;C:\Users\Yoni Touitou\.m2\repository\net\bytebuddy\byte-buddy-agent\1.9.13\byte-buddy-agent-1.9.13.jar;C:\Users\Yoni Touitou\.m2\repository\org\objenesis\objenesis\2.6\objenesis-2.6.jar;C:\Users\Yoni Touitou\.m2\repository\org\hamcrest\hamcrest-core\1.3\hamcrest-core-1.3.jar;C:\Users\Yoni Touitou\.m2\repository\org\hamcrest\hamcrest-library\1.3\hamcrest-library-1.3.jar;C:\Users\Yoni Touitou\.m2\repository\org\skyscreamer\jsonassert\1.5.0\jsonassert-1.5.0.jar;C:\Users\Yoni Touitou\.m2\repository\com\vaadin\external\google\android-json\0.0.20131108.vaadin1\android-json-0.0.20131108.vaadin1.jar;C:\Users\Yoni Touitou\.m2\repository\org\springframework\spring-core\5.1.8.RELEASE\spring-core-5.1.8.RELEASE.jar;C:\Users\Yoni Touitou\.m2\repository\org\springframework\spring-jcl\5.1.8.RELEASE\spring-jcl-5.1.8.RELEASE.jar;C:\Users\Yoni Touitou\.m2\repository\org\springframework\spring-test\5.1.8.RELEASE\spring-test-5.1.8.RELEASE.jar;C:\Users\Yoni Touitou\.m2\repository\org\xmlunit\xmlunit-core\2.6.2\xmlunit-core-2.6.2.jar;C:\Users\Yoni Touitou\.m2\repository\mysql\mysql-connector-java\8.0.16\mysql-connector-java-8.0.16.jar;C:\Users\Yoni Touitou\.m2\repository\com\itextpdf\itextpdf\5.5.13\itextpdf-5.5.13.jar;C:\Users\Yoni Touitou\.m2\repository\net\lingala\zip4j\zip4j\1.3.3\zip4j-1.3.3.jar;C:\Users\Yoni Touitou\.m2\repository\commons-io\commons-io\2.5\commons-io-2.5.jar;"/>
    <property name="java.vm.vendor" value="&quot;Oracle Corporation&quot;"/>
    <property name="sun.arch.data.model" value="64"/>
    <property name="user.variant" value=""/>
    <property name="java.vendor.url" value="http://java.oracle.com/"/>
    <property name="user.timezone" value="Asia/Jerusalem"/>
    <property name="java.vm.specification.version" value="10"/>
    <property name="os.name" value="Windows 10"/>
    <property name="sun.java.launcher" value="SUN_STANDARD"/>
    <property name="user.country" value="US"/>
    <property name="sun.boot.library.path" value="C:\Program Files\Java\jdk-10.0.2\bin"/>
    <property name="sun.java.command" value="C:\Users\YONITO~1\AppData\Local\Temp\surefire9169257283847867061\surefirebooter12628990997367418082.jar C:\Users\Yoni Touitou\AppData\Local\Temp\surefire9169257283847867061 2019-07-13T16-29-43_123-jvmRun1 surefire208124881746586950tmp surefire_015471331312553906534tmp"/>
    <property name="jdk.debug" value="release"/>
    <property name="surefire.test.class.path" value="C:\Users\Yoni Touitou\Documents\projects\Andybrook\target\test-classes;C:\Users\Yoni Touitou\Documents\projects\Andybrook\target\classes;C:\Users\Yoni Touitou\.m2\repository\org\springframework\boot\spring-boot-starter-data-jpa\2.1.6.RELEASE\spring-boot-starter-data-jpa-2.1.6.RELEASE.jar;C:\Users\Yoni Touitou\.m2\repository\org\springframework\boot\spring-boot-starter-aop\2.1.6.RELEASE\spring-boot-starter-aop-2.1.6.RELEASE.jar;C:\Users\Yoni Touitou\.m2\repository\org\aspectj\aspectjweaver\1.9.4\aspectjweaver-1.9.4.jar;C:\Users\Yoni Touitou\.m2\repository\org\springframework\boot\spring-boot-starter-jdbc\2.1.6.RELEASE\spring-boot-starter-jdbc-2.1.6.RELEASE.jar;C:\Users\Yoni Touitou\.m2\repository\com\zaxxer\HikariCP\3.2.0\HikariCP-3.2.0.jar;C:\Users\Yoni Touitou\.m2\repository\org\springframework\spring-jdbc\5.1.8.RELEASE\spring-jdbc-5.1.8.RELEASE.jar;C:\Users\Yoni Touitou\.m2\repository\javax\transaction\javax.transaction-api\1.3\javax.transaction-api-1.3.jar;C:\Users\Yoni Touitou\.m2\repository\javax\xml\bind\jaxb-api\2.3.1\jaxb-api-2.3.1.jar;C:\Users\Yoni Touitou\.m2\repository\javax\activation\javax.activation-api\1.2.0\javax.activation-api-1.2.0.jar;C:\Users\Yoni Touitou\.m2\repository\org\hibernate\hibernate-core\5.3.10.Final\hibernate-core-5.3.10.Final.jar;C:\Users\Yoni Touitou\.m2\repository\org\jboss\logging\jboss-logging\3.3.2.Final\jboss-logging-3.3.2.Final.jar;C:\Users\Yoni Touitou\.m2\repository\javax\persistence\javax.persistence-api\2.2\javax.persistence-api-2.2.jar;C:\Users\Yoni Touitou\.m2\repository\org\javassist\javassist\3.23.2-GA\javassist-3.23.2-GA.jar;C:\Users\Yoni Touitou\.m2\repository\net\bytebuddy\byte-buddy\1.9.13\byte-buddy-1.9.13.jar;C:\Users\Yoni Touitou\.m2\repository\antlr\antlr\2.7.7\antlr-2.7.7.jar;C:\Users\Yoni Touitou\.m2\repository\org\jboss\jandex\2.0.5.Final\jandex-2.0.5.Final.jar;C:\Users\Yoni Touitou\.m2\repository\com\fasterxml\classmate\1.4.0\classmate-1.4.0.jar;C:\Users\Yoni Touitou\.m2\repository\org\dom4j\dom4j\2.1.1\dom4j-2.1.1.jar;C:\Users\Yoni Touitou\.m2\repository\org\hibernate\common\hibernate-commons-annotations\5.0.4.Final\hibernate-commons-annotations-5.0.4.Final.jar;C:\Users\Yoni Touitou\.m2\repository\org\springframework\data\spring-data-jpa\2.1.9.RELEASE\spring-data-jpa-2.1.9.RELEASE.jar;C:\Users\Yoni Touitou\.m2\repository\org\springframework\data\spring-data-commons\2.1.9.RELEASE\spring-data-commons-2.1.9.RELEASE.jar;C:\Users\Yoni Touitou\.m2\repository\org\springframework\spring-orm\5.1.8.RELEASE\spring-orm-5.1.8.RELEASE.jar;C:\Users\Yoni Touitou\.m2\repository\org\springframework\spring-context\5.1.8.RELEASE\spring-context-5.1.8.RELEASE.jar;C:\Users\Yoni Touitou\.m2\repository\org\springframework\spring-tx\5.1.8.RELEASE\spring-tx-5.1.8.RELEASE.jar;C:\Users\Yoni Touitou\.m2\repository\org\springframework\spring-beans\5.1.8.RELEASE\spring-beans-5.1.8.RELEASE.jar;C:\Users\Yoni Touitou\.m2\repository\org\slf4j\slf4j-api\1.7.26\slf4j-api-1.7.26.jar;C:\Users\Yoni Touitou\.m2\repository\org\springframework\spring-aspects\5.1.8.RELEASE\spring-aspects-5.1.8.RELEASE.jar;C:\Users\Yoni Touitou\.m2\repository\org\springframework\boot\spring-boot-starter-security\2.1.6.RELEASE\spring-boot-starter-security-2.1.6.RELEASE.jar;C:\Users\Yoni Touitou\.m2\repository\org\springframework\boot\spring-boot-starter\2.1.6.RELEASE\spring-boot-starter-2.1.6.RELEASE.jar;C:\Users\Yoni Touitou\.m2\repository\org\springframework\boot\spring-boot-starter-logging\2.1.6.RELEASE\spring-boot-starter-logging-2.1.6.RELEASE.jar;C:\Users\Yoni Touitou\.m2\repository\ch\qos\logback\logback-classic\1.2.3\logback-classic-1.2.3.jar;C:\Users\Yoni Touitou\.m2\repository\ch\qos\logback\logback-core\1.2.3\logback-core-1.2.3.jar;C:\Users\Yoni Touitou\.m2\repository\org\apache\logging\log4j\log4j-to-slf4j\2.11.2\log4j-to-slf4j-2.11.2.jar;C:\Users\Yoni Touitou\.m2\repository\org\slf4j\jul-to-slf4j\1.7.26\jul-to-slf4j-1.7.26.jar;C:\Users\Yoni Touitou\.m2\repository\javax\annotation\javax.annotation-api\1.3.2\javax.annotation-api-1.3.2.jar;C:\Users\Yoni Touitou\.m2\repository\org\yaml\snakeyaml\1.23\snakeyaml-1.23.jar;C:\Users\Yoni Touitou\.m2\repository\org\springframework\spring-aop\5.1.8.RELEASE\spring-aop-5.1.8.RELEASE.jar;C:\Users\Yoni Touitou\.m2\repository\org\springframework\security\spring-security-config\5.1.5.RELEASE\spring-security-config-5.1.5.RELEASE.jar;C:\Users\Yoni Touitou\.m2\repository\org\springframework\security\spring-security-core\5.1.5.RELEASE\spring-security-core-5.1.5.RELEASE.jar;C:\Users\Yoni Touitou\.m2\repository\org\springframework\security\spring-security-web\5.1.5.RELEASE\spring-security-web-5.1.5.RELEASE.jar;C:\Users\Yoni Touitou\.m2\repository\org\springframework\spring-expression\5.1.8.RELEASE\spring-expression-5.1.8.RELEASE.jar;C:\Users\Yoni Touitou\.m2\repository\org\springframework\boot\spring-boot-starter-mail\2.1.6.RELEASE\spring-boot-starter-mail-2.1.6.RELEASE.jar;C:\Users\Yoni Touitou\.m2\repository\org\springframework\spring-context-support\5.1.8.RELEASE\spring-context-support-5.1.8.RELEASE.jar;C:\Users\Yoni Touitou\.m2\repository\com\sun\mail\javax.mail\1.6.2\javax.mail-1.6.2.jar;C:\Users\Yoni Touitou\.m2\repository\javax\activation\activation\1.1\activation-1.1.jar;C:\Users\Yoni Touitou\.m2\repository\org\springframework\boot\spring-boot-devtools\2.1.6.RELEASE\spring-boot-devtools-2.1.6.RELEASE.jar;C:\Users\Yoni Touitou\.m2\repository\org\springframework\boot\spring-boot\2.1.6.RELEASE\spring-boot-2.1.6.RELEASE.jar;C:\Users\Yoni Touitou\.m2\repository\org\springframework\boot\spring-boot-autoconfigure\2.1.6.RELEASE\spring-boot-autoconfigure-2.1.6.RELEASE.jar;C:\Users\Yoni Touitou\.m2\repository\org\springframework\boot\spring-boot-starter-web\2.1.6.RELEASE\spring-boot-starter-web-2.1.6.RELEASE.jar;C:\Users\Yoni Touitou\.m2\repository\org\springframework\boot\spring-boot-starter-json\2.1.6.RELEASE\spring-boot-starter-json-2.1.6.RELEASE.jar;C:\Users\Yoni Touitou\.m2\repository\com\fasterxml\jackson\core\jackson-databind\2.9.9\jackson-databind-2.9.9.jar;C:\Users\Yoni Touitou\.m2\repository\com\fasterxml\jackson\core\jackson-annotations\2.9.0\jackson-annotations-2.9.0.jar;C:\Users\Yoni Touitou\.m2\repository\com\fasterxml\jackson\datatype\jackson-datatype-jdk8\2.9.9\jackson-datatype-jdk8-2.9.9.jar;C:\Users\Yoni Touitou\.m2\repository\com\fasterxml\jackson\datatype\jackson-datatype-jsr310\2.9.9\jackson-datatype-jsr310-2.9.9.jar;C:\Users\Yoni Touitou\.m2\repository\com\fasterxml\jackson\module\jackson-module-parameter-names\2.9.9\jackson-module-parameter-names-2.9.9.jar;C:\Users\Yoni Touitou\.m2\repository\org\springframework\boot\spring-boot-starter-tomcat\2.1.6.RELEASE\spring-boot-starter-tomcat-2.1.6.RELEASE.jar;C:\Users\Yoni Touitou\.m2\repository\org\apache\tomcat\embed\tomcat-embed-core\9.0.21\tomcat-embed-core-9.0.21.jar;C:\Users\Yoni Touitou\.m2\repository\org\apache\tomcat\embed\tomcat-embed-el\9.0.21\tomcat-embed-el-9.0.21.jar;C:\Users\Yoni Touitou\.m2\repository\org\apache\tomcat\embed\tomcat-embed-websocket\9.0.21\tomcat-embed-websocket-9.0.21.jar;C:\Users\Yoni Touitou\.m2\repository\org\hibernate\validator\hibernate-validator\6.0.17.Final\hibernate-validator-6.0.17.Final.jar;C:\Users\Yoni Touitou\.m2\repository\javax\validation\validation-api\2.0.1.Final\validation-api-2.0.1.Final.jar;C:\Users\Yoni Touitou\.m2\repository\org\springframework\spring-web\5.1.8.RELEASE\spring-web-5.1.8.RELEASE.jar;C:\Users\Yoni Touitou\.m2\repository\org\springframework\spring-webmvc\5.1.8.RELEASE\spring-webmvc-5.1.8.RELEASE.jar;C:\Users\Yoni Touitou\.m2\repository\org\springframework\boot\spring-boot-starter-actuator\2.1.6.RELEASE\spring-boot-starter-actuator-2.1.6.RELEASE.jar;C:\Users\Yoni Touitou\.m2\repository\org\springframework\boot\spring-boot-actuator-autoconfigure\2.1.6.RELEASE\spring-boot-actuator-autoconfigure-2.1.6.RELEASE.jar;C:\Users\Yoni Touitou\.m2\repository\org\springframework\boot\spring-boot-actuator\2.1.6.RELEASE\spring-boot-actuator-2.1.6.RELEASE.jar;C:\Users\Yoni Touitou\.m2\repository\io\micrometer\micrometer-core\1.1.5\micrometer-core-1.1.5.jar;C:\Users\Yoni Touitou\.m2\repository\org\latencyutils\LatencyUtils\2.0.3\LatencyUtils-2.0.3.jar;C:\Users\Yoni Touitou\.m2\repository\org\elasticsearch\elasticsearch\7.2.0\elasticsearch-7.2.0.jar;C:\Users\Yoni Touitou\.m2\repository\org\elasticsearch\elasticsearch-core\7.2.0\elasticsearch-core-7.2.0.jar;C:\Users\Yoni Touitou\.m2\repository\org\elasticsearch\elasticsearch-secure-sm\7.2.0\elasticsearch-secure-sm-7.2.0.jar;C:\Users\Yoni Touitou\.m2\repository\org\elasticsearch\elasticsearch-x-content\7.2.0\elasticsearch-x-content-7.2.0.jar;C:\Users\Yoni Touitou\.m2\repository\com\fasterxml\jackson\core\jackson-core\2.9.9\jackson-core-2.9.9.jar;C:\Users\Yoni Touitou\.m2\repository\com\fasterxml\jackson\dataformat\jackson-dataformat-smile\2.9.9\jackson-dataformat-smile-2.9.9.jar;C:\Users\Yoni Touitou\.m2\repository\com\fasterxml\jackson\dataformat\jackson-dataformat-yaml\2.9.9\jackson-dataformat-yaml-2.9.9.jar;C:\Users\Yoni Touitou\.m2\repository\com\fasterxml\jackson\dataformat\jackson-dataformat-cbor\2.9.9\jackson-dataformat-cbor-2.9.9.jar;C:\Users\Yoni Touitou\.m2\repository\org\elasticsearch\elasticsearch-geo\7.2.0\elasticsearch-geo-7.2.0.jar;C:\Users\Yoni Touitou\.m2\repository\org\apache\lucene\lucene-core\8.0.0\lucene-core-8.0.0.jar;C:\Users\Yoni Touitou\.m2\repository\org\apache\lucene\lucene-analyzers-common\8.0.0\lucene-analyzers-common-8.0.0.jar;C:\Users\Yoni Touitou\.m2\repository\org\apache\lucene\lucene-backward-codecs\8.0.0\lucene-backward-codecs-8.0.0.jar;C:\Users\Yoni Touitou\.m2\repository\org\apache\lucene\lucene-grouping\8.0.0\lucene-grouping-8.0.0.jar;C:\Users\Yoni Touitou\.m2\repository\org\apache\lucene\lucene-highlighter\8.0.0\lucene-highlighter-8.0.0.jar;C:\Users\Yoni Touitou\.m2\repository\org\apache\lucene\lucene-join\8.0.0\lucene-join-8.0.0.jar;C:\Users\Yoni Touitou\.m2\repository\org\apache\lucene\lucene-memory\8.0.0\lucene-memory-8.0.0.jar;C:\Users\Yoni Touitou\.m2\repository\org\apache\lucene\lucene-misc\8.0.0\lucene-misc-8.0.0.jar;C:\Users\Yoni Touitou\.m2\repository\org\apache\lucene\lucene-queries\8.0.0\lucene-queries-8.0.0.jar;C:\Users\Yoni Touitou\.m2\repository\org\apache\lucene\lucene-queryparser\8.0.0\lucene-queryparser-8.0.0.jar;C:\Users\Yoni Touitou\.m2\repository\org\apache\lucene\lucene-sandbox\8.0.0\lucene-sandbox-8.0.0.jar;C:\Users\Yoni Touitou\.m2\repository\org\apache\lucene\lucene-spatial\8.0.0\lucene-spatial-8.0.0.jar;C:\Users\Yoni Touitou\.m2\repository\org\apache\lucene\lucene-spatial-extras\8.0.0\lucene-spatial-extras-8.0.0.jar;C:\Users\Yoni Touitou\.m2\repository\org\apache\lucene\lucene-spatial3d\8.0.0\lucene-spatial3d-8.0.0.jar;C:\Users\Yoni Touitou\.m2\repository\org\apache\lucene\lucene-suggest\8.0.0\lucene-suggest-8.0.0.jar;C:\Users\Yoni Touitou\.m2\repository\org\elasticsearch\elasticsearch-cli\7.2.0\elasticsearch-cli-7.2.0.jar;C:\Users\Yoni Touitou\.m2\repository\net\sf\jopt-simple\jopt-simple\5.0.2\jopt-simple-5.0.2.jar;C:\Users\Yoni Touitou\.m2\repository\com\carrotsearch\hppc\0.7.1\hppc-0.7.1.jar;C:\Users\Yoni Touitou\.m2\repository\joda-time\joda-time\2.10.2\joda-time-2.10.2.jar;C:\Users\Yoni Touitou\.m2\repository\com\tdunning\t-digest\3.2\t-digest-3.2.jar;C:\Users\Yoni Touitou\.m2\repository\org\hdrhistogram\HdrHistogram\2.1.9\HdrHistogram-2.1.9.jar;C:\Users\Yoni Touitou\.m2\repository\org\apache\logging\log4j\log4j-api\2.11.2\log4j-api-2.11.2.jar;C:\Users\Yoni Touitou\.m2\repository\org\elasticsearch\jna\4.5.1\jna-4.5.1.jar;C:\Users\Yoni Touitou\.m2\repository\org\elasticsearch\client\elasticsearch-rest-high-level-client\7.2.0\elasticsearch-rest-high-level-client-7.2.0.jar;C:\Users\Yoni Touitou\.m2\repository\org\elasticsearch\client\elasticsearch-rest-client\6.4.3\elasticsearch-rest-client-6.4.3.jar;C:\Users\Yoni Touitou\.m2\repository\org\apache\httpcomponents\httpclient\4.5.9\httpclient-4.5.9.jar;C:\Users\Yoni Touitou\.m2\repository\org\apache\httpcomponents\httpcore\4.4.11\httpcore-4.4.11.jar;C:\Users\Yoni Touitou\.m2\repository\org\apache\httpcomponents\httpasyncclient\4.1.4\httpasyncclient-4.1.4.jar;C:\Users\Yoni Touitou\.m2\repository\org\apache\httpcomponents\httpcore-nio\4.4.11\httpcore-nio-4.4.11.jar;C:\Users\Yoni Touitou\.m2\repository\commons-codec\commons-codec\1.11\commons-codec-1.11.jar;C:\Users\Yoni Touitou\.m2\repository\org\elasticsearch\plugin\parent-join-client\7.2.0\parent-join-client-7.2.0.jar;C:\Users\Yoni Touitou\.m2\repository\org\elasticsearch\plugin\aggs-matrix-stats-client\7.2.0\aggs-matrix-stats-client-7.2.0.jar;C:\Users\Yoni Touitou\.m2\repository\org\elasticsearch\plugin\rank-eval-client\7.2.0\rank-eval-client-7.2.0.jar;C:\Users\Yoni Touitou\.m2\repository\org\elasticsearch\plugin\lang-mustache-client\7.2.0\lang-mustache-client-7.2.0.jar;C:\Users\Yoni Touitou\.m2\repository\com\github\spullara\mustache\java\compiler\0.9.3\compiler-0.9.3.jar;C:\Users\Yoni Touitou\.m2\repository\org\springframework\boot\spring-boot-starter-test\2.1.6.RELEASE\spring-boot-starter-test-2.1.6.RELEASE.jar;C:\Users\Yoni Touitou\.m2\repository\org\springframework\boot\spring-boot-test\2.1.6.RELEASE\spring-boot-test-2.1.6.RELEASE.jar;C:\Users\Yoni Touitou\.m2\repository\org\springframework\boot\spring-boot-test-autoconfigure\2.1.6.RELEASE\spring-boot-test-autoconfigure-2.1.6.RELEASE.jar;C:\Users\Yoni Touitou\.m2\repository\com\jayway\jsonpath\json-path\2.4.0\json-path-2.4.0.jar;C:\Users\Yoni Touitou\.m2\repository\net\minidev\json-smart\2.3\json-smart-2.3.jar;C:\Users\Yoni Touitou\.m2\repository\net\minidev\accessors-smart\1.2\accessors-smart-1.2.jar;C:\Users\Yoni Touitou\.m2\repository\org\ow2\asm\asm\5.0.4\asm-5.0.4.jar;C:\Users\Yoni Touitou\.m2\repository\junit\junit\4.12\junit-4.12.jar;C:\Users\Yoni Touitou\.m2\repository\org\assertj\assertj-core\3.11.1\assertj-core-3.11.1.jar;C:\Users\Yoni Touitou\.m2\repository\org\mockito\mockito-core\2.23.4\mockito-core-2.23.4.jar;C:\Users\Yoni Touitou\.m2\repository\net\bytebuddy\byte-buddy-agent\1.9.13\byte-buddy-agent-1.9.13.jar;C:\Users\Yoni Touitou\.m2\repository\org\objenesis\objenesis\2.6\objenesis-2.6.jar;C:\Users\Yoni Touitou\.m2\repository\org\hamcrest\hamcrest-core\1.3\hamcrest-core-1.3.jar;C:\Users\Yoni Touitou\.m2\repository\org\hamcrest\hamcrest-library\1.3\hamcrest-library-1.3.jar;C:\Users\Yoni Touitou\.m2\repository\org\skyscreamer\jsonassert\1.5.0\jsonassert-1.5.0.jar;C:\Users\Yoni Touitou\.m2\repository\com\vaadin\external\google\android-json\0.0.20131108.vaadin1\android-json-0.0.20131108.vaadin1.jar;C:\Users\Yoni Touitou\.m2\repository\org\springframework\spring-core\5.1.8.RELEASE\spring-core-5.1.8.RELEASE.jar;C:\Users\Yoni Touitou\.m2\repository\org\springframework\spring-jcl\5.1.8.RELEASE\spring-jcl-5.1.8.RELEASE.jar;C:\Users\Yoni Touitou\.m2\repository\org\springframework\spring-test\5.1.8.RELEASE\spring-test-5.1.8.RELEASE.jar;C:\Users\Yoni Touitou\.m2\repository\org\xmlunit\xmlunit-core\2.6.2\xmlunit-core-2.6.2.jar;C:\Users\Yoni Touitou\.m2\repository\mysql\mysql-connector-java\8.0.16\mysql-connector-java-8.0.16.jar;C:\Users\Yoni Touitou\.m2\repository\com\itextpdf\itextpdf\5.5.13\itextpdf-5.5.13.jar;C:\Users\Yoni Touitou\.m2\repository\net\lingala\zip4j\zip4j\1.3.3\zip4j-1.3.3.jar;C:\Users\Yoni Touitou\.m2\repository\commons-io\commons-io\2.5\commons-io-2.5.jar;"/>
    <property name="sun.cpu.endian" value="little"/>
    <property name="user.home" value="C:\Users\Yoni Touitou"/>
    <property name="user.language" value="en"/>
    <property name="java.specification.vendor" value="Oracle Corporation"/>
    <property name="java.version.date" value="2018-07-17"/>
    <property name="java.home" value="C:\Program Files\Java\jdk-10.0.2"/>
    <property name="file.separator" value="\"/>
    <property name="basedir" value="C:\Users\Yoni Touitou\Documents\projects\Andybrook"/>
    <property name="java.vm.compressedOopsMode" value="32-bit"/>
    <property name="line.separator" value="&#10;"/>
    <property name="java.specification.name" value="Java Platform API Specification"/>
    <property name="java.vm.specification.vendor" value="Oracle Corporation"/>
    <property name="java.awt.graphicsenv" value="sun.awt.Win32GraphicsEnvironment"/>
    <property name="surefire.real.class.path" value="C:\Users\YONITO~1\AppData\Local\Temp\surefire9169257283847867061\surefirebooter12628990997367418082.jar"/>
    <property name="user.script" value=""/>
    <property name="sun.management.compiler" value="HotSpot 64-Bit Tiered Compilers"/>
    <property name="java.runtime.version" value="10.0.2+13"/>
    <property name="user.name" value="Yoni Touitou"/>
    <property name="path.separator" value=";"/>
    <property name="os.version" value="10.0"/>
    <property name="java.runtime.name" value="Java(TM) SE Runtime Environment"/>
    <property name="file.encoding" value="Cp1252"/>
    <property name="java.vm.name" value="Java HotSpot(TM) 64-Bit Server VM"/>
    <property name="java.vendor.version" value="18.3"/>
    <property name="localRepository" value="C:\Users\Yoni Touitou\.m2\repository"/>
    <property name="java.vendor.url.bug" value="http://bugreport.java.com/bugreport/"/>
    <property name="java.io.tmpdir" value="C:\Users\YONITO~1\AppData\Local\Temp\"/>
    <property name="java.version" value="10.0.2"/>
    <property name="user.dir" value="C:\Users\Yoni Touitou\Documents\projects\Andybrook"/>
    <property name="os.arch" value="amd64"/>
    <property name="java.vm.specification.name" value="Java Virtual Machine Specification"/>
    <property name="java.awt.printerjob" value="sun.awt.windows.WPrinterJob"/>
    <property name="idea.version2019.1.3" value="true"/>
    <property name="sun.os.patch.level" value=""/>
    <property name="java.library.path" value="C:\Program Files\Java\jdk-10.0.2\bin;C:\WINDOWS\Sun\Java\bin;C:\WINDOWS\system32;C:\WINDOWS;C:\Program Files (x86)\Common Files\Oracle\Java\javapath;C:\Program Files (x86)\Python37-32\Scripts\;C:\Program Files (x86)\Python37-32\;C:\ProgramData\Oracle\Java\javapath;C:\WINDOWS\system32;C:\WINDOWS;C:\WINDOWS\System32\Wbem;C:\WINDOWS\System32\WindowsPowerShell\v1.0\;C:\WINDOWS\System32\OpenSSH\;C:\Users\Yoni Touitou\AppData\Local\Microsoft\WindowsApps;."/>
    <property name="java.vendor" value="Oracle Corporation"/>
    <property name="java.vm.info" value="mixed mode"/>
    <property name="java.vm.version" value="10.0.2+13"/>
    <property name="sun.io.unicode.encoding" value="UnicodeLittle"/>
    <property name="java.class.version" value="54.0"/>
  </properties>
  <testcase name="processFileIgnoreInvalidRowTest" classname="com.andybrook.service.api.StockItemsFileParserServiceTest" time="0.025"/>
  <testcase name="processValidFileTest" classname="com.andybrook.service.api.StockItemsFileParserServiceTest" time="0.039"/>
  <testcase name="processFileUntilLimitItems" classname="com.andybrook.service.api.StockItemsFileParserServiceTest" time="0.195"/>
  <testcase name="parseFileNotExistsTest" classname="com.andybrook.service.api.StockItemsFileParserServiceTest" time="0.005"/>
  <testcase name="contentFileTest" classname="com.andybrook.service.api.StockItemsFileParserServiceTest" time="0.028"/>
  <testcase name="generateStockItemFileUpload" classname="com.andybrook.service.api.StockItemsFileParserServiceTest" time="0.059"/>
</testsuite>